<?xml version="1.0" encoding="UTF-8"?>
<testng-results ignored="0" total="1" passed="1" failed="0" skipped="0">
  <reporter-output>
  </reporter-output>
  <suite started-at="2023-08-02T15:57:12 IST" name="Default suite" finished-at="2023-08-02T15:58:52 IST" duration-ms="99370">
    <groups>
      <group name="cucumber">
        <method signature="AbstractTestNGCucumberTests.runScenario(io.cucumber.testng.PickleWrapper,io.cucumber.testng.FeatureWrapper)[pri:0, instance:RunnerTest.TestRunnerClass@248e319b]" name="runScenario" class="io.cucumber.testng.AbstractTestNGCucumberTests"/>
      </group> <!-- cucumber -->
    </groups>
    <test started-at="2023-08-02T15:57:12 IST" name="Default test" finished-at="2023-08-02T15:58:52 IST" duration-ms="99370">
      <class name="RunnerTest.TestRunnerClass">
        <test-method is-config="true" signature="setUpClass(org.testng.ITestContext)[pri:0, instance:RunnerTest.TestRunnerClass@248e319b]" started-at="2023-08-02T15:57:12 IST" name="setUpClass" finished-at="2023-08-02T15:57:15 IST" duration-ms="2467" status="PASS">
          <params>
            <param index="0">
              <value>
                <![CDATA[org.testng.TestRunner@14e750c5]]>
              </value>
            </param>
          </params>
          <reporter-output>
          </reporter-output>
        </test-method> <!-- setUpClass -->
        <test-method signature="runScenario(io.cucumber.testng.PickleWrapper,io.cucumber.testng.FeatureWrapper)[pri:0, instance:RunnerTest.TestRunnerClass@248e319b]" started-at="2023-08-02T15:57:15 IST" name="runScenario" description="Runs Cucumber Scenarios" data-provider="scenarios" finished-at="2023-08-02T15:58:50 IST" duration-ms="94948" status="PASS">
          <params>
            <param index="0">
              <value>
                <![CDATA["Test the RegisterPage"]]>
              </value>
            </param>
            <param index="1">
              <value>
                <![CDATA["Test the UserRegistrationForm"]]>
              </value>
            </param>
          </params>
          <reporter-output>
          </reporter-output>
        </test-method> <!-- runScenario -->
        <test-method is-config="true" signature="tearDownClass()[pri:0, instance:RunnerTest.TestRunnerClass@248e319b]" started-at="2023-08-02T15:58:50 IST" name="tearDownClass" finished-at="2023-08-02T15:58:52 IST" duration-ms="1844" status="PASS">
          <reporter-output>
          </reporter-output>
        </test-method> <!-- tearDownClass -->
      </class> <!-- RunnerTest.TestRunnerClass -->
    </test> <!-- Default test -->
  </suite> <!-- Default suite -->
</testng-results>
